<?xml version="1.0" encoding="UTF-8"?>
<testsuite xmlns:xsi="http://www.w3.org/2001/XMLSchema-instance" xsi:noNamespaceSchemaLocation="https://maven.apache.org/surefire/maven-surefire-plugin/xsd/surefire-test-report.xsd" name="com.taotao.AppTest" time="0.046" tests="1" errors="0" skipped="0" failures="0">
  <properties>
    <property name="sun.desktop" value="windows"/>
    <property name="awt.toolkit" value="sun.awt.windows.WToolkit"/>
    <property name="file.encoding.pkg" value="sun.io"/>
    <property name="java.specification.version" value="1.8"/>
    <property name="sun.cpu.isalist" value="amd64"/>
    <property name="sun.jnu.encoding" value="GBK"/>
    <property name="java.class.path" value="E:\taotaoproduct\taotao-managers\taotao-managers-service\target\test-classes;E:\taotaoproduct\taotao-managers\taotao-managers-service\target\classes;E:\tool\apache-maven-3.5.2\repository\junit\junit\4.11\junit-4.11.jar;E:\tool\apache-maven-3.5.2\repository\org\hamcrest\hamcrest-core\1.3\hamcrest-core-1.3.jar;E:\tool\apache-maven-3.5.2\repository\com\taotao\taotao-common\0.0.1-SNAPSHOT\taotao-common-0.0.1-SNAPSHOT.jar;E:\tool\apache-maven-3.5.2\repository\joda-time\joda-time\2.5\joda-time-2.5.jar;E:\tool\apache-maven-3.5.2\repository\org\apache\commons\commons-lang3\3.3.2\commons-lang3-3.3.2.jar;E:\tool\apache-maven-3.5.2\repository\commons-io\commons-io\1.3.2\commons-io-1.3.2.jar;E:\tool\apache-maven-3.5.2\repository\commons-net\commons-net\3.3\commons-net-3.3.jar;E:\tool\apache-maven-3.5.2\repository\com\fasterxml\jackson\core\jackson-databind\2.4.2\jackson-databind-2.4.2.jar;E:\tool\apache-maven-3.5.2\repository\com\fasterxml\jackson\core\jackson-annotations\2.4.0\jackson-annotations-2.4.0.jar;E:\tool\apache-maven-3.5.2\repository\com\fasterxml\jackson\core\jackson-core\2.4.2\jackson-core-2.4.2.jar;E:\tool\apache-maven-3.5.2\repository\org\apache\httpcomponents\httpclient\4.3.5\httpclient-4.3.5.jar;E:\tool\apache-maven-3.5.2\repository\org\apache\httpcomponents\httpcore\4.3.2\httpcore-4.3.2.jar;E:\tool\apache-maven-3.5.2\repository\commons-logging\commons-logging\1.1.3\commons-logging-1.1.3.jar;E:\tool\apache-maven-3.5.2\repository\commons-codec\commons-codec\1.6\commons-codec-1.6.jar;E:\tool\apache-maven-3.5.2\repository\org\quartz-scheduler\quartz\2.2.2\quartz-2.2.2.jar;E:\tool\apache-maven-3.5.2\repository\c3p0\c3p0\0.9.1.1\c3p0-0.9.1.1.jar;E:\tool\apache-maven-3.5.2\repository\org\slf4j\slf4j-api\1.7.7\slf4j-api-1.7.7.jar;E:\tool\apache-maven-3.5.2\repository\org\slf4j\slf4j-log4j12\1.6.4\slf4j-log4j12-1.6.4.jar;E:\tool\apache-maven-3.5.2\repository\log4j\log4j\1.2.16\log4j-1.2.16.jar;E:\tool\apache-maven-3.5.2\repository\org\mybatis\mybatis\3.2.8\mybatis-3.2.8.jar;E:\tool\apache-maven-3.5.2\repository\org\mybatis\mybatis-spring\1.2.2\mybatis-spring-1.2.2.jar;E:\tool\apache-maven-3.5.2\repository\com\github\miemiedev\mybatis-paginator\1.2.15\mybatis-paginator-1.2.15.jar;E:\tool\apache-maven-3.5.2\repository\com\github\pagehelper\pagehelper\3.4.2-fix\pagehelper-3.4.2-fix.jar;E:\tool\apache-maven-3.5.2\repository\com\github\jsqlparser\jsqlparser\0.9\jsqlparser-0.9.jar;E:\tool\apache-maven-3.5.2\repository\mysql\mysql-connector-java\5.1.32\mysql-connector-java-5.1.32.jar;E:\tool\apache-maven-3.5.2\repository\com\alibaba\druid\1.0.9\druid-1.0.9.jar;C:\Program Files\Java\jdk1.8.0_152\jre\..\lib\jconsole.jar;C:\Program Files\Java\jdk1.8.0_152\jre\..\lib\tools.jar;E:\tool\apache-maven-3.5.2\repository\org\springframework\spring-context\4.3.5.RELEASE\spring-context-4.3.5.RELEASE.jar;E:\tool\apache-maven-3.5.2\repository\org\springframework\spring-aop\4.3.5.RELEASE\spring-aop-4.3.5.RELEASE.jar;E:\tool\apache-maven-3.5.2\repository\org\springframework\spring-core\4.3.5.RELEASE\spring-core-4.3.5.RELEASE.jar;E:\tool\apache-maven-3.5.2\repository\org\springframework\spring-expression\4.3.5.RELEASE\spring-expression-4.3.5.RELEASE.jar;E:\tool\apache-maven-3.5.2\repository\org\springframework\spring-beans\4.3.5.RELEASE\spring-beans-4.3.5.RELEASE.jar;E:\tool\apache-maven-3.5.2\repository\org\springframework\spring-webmvc\4.3.5.RELEASE\spring-webmvc-4.3.5.RELEASE.jar;E:\tool\apache-maven-3.5.2\repository\org\springframework\spring-web\4.3.5.RELEASE\spring-web-4.3.5.RELEASE.jar;E:\tool\apache-maven-3.5.2\repository\org\springframework\spring-jdbc\4.3.5.RELEASE\spring-jdbc-4.3.5.RELEASE.jar;E:\tool\apache-maven-3.5.2\repository\org\springframework\spring-tx\4.3.5.RELEASE\spring-tx-4.3.5.RELEASE.jar;E:\tool\apache-maven-3.5.2\repository\org\springframework\spring-aspects\4.3.8.RELEASE\spring-aspects-4.3.8.RELEASE.jar;E:\tool\apache-maven-3.5.2\repository\org\aspectj\aspectjweaver\1.8.9\aspectjweaver-1.8.9.jar;E:\tool\apache-maven-3.5.2\repository\org\springframework\spring-jms\4.1.4.RELEASE\spring-jms-4.1.4.RELEASE.jar;E:\tool\apache-maven-3.5.2\repository\org\springframework\spring-messaging\4.1.4.RELEASE\spring-messaging-4.1.4.RELEASE.jar;E:\tool\apache-maven-3.5.2\repository\org\springframework\spring-context-support\4.3.5.RELEASE\spring-context-support-4.3.5.RELEASE.jar;E:\tool\apache-maven-3.5.2\repository\jstl\jstl\1.2\jstl-1.2.jar;E:\tool\apache-maven-3.5.2\repository\javax\servlet\servlet-api\2.5\servlet-api-2.5.jar;E:\tool\apache-maven-3.5.2\repository\javax\servlet\jsp-api\2.0\jsp-api-2.0.jar;E:\tool\apache-maven-3.5.2\repository\commons-fileupload\commons-fileupload\1.3.1\commons-fileupload-1.3.1.jar;E:\tool\apache-maven-3.5.2\repository\redis\clients\jedis\2.7.2\jedis-2.7.2.jar;E:\tool\apache-maven-3.5.2\repository\org\apache\commons\commons-pool2\2.3\commons-pool2-2.3.jar;E:\tool\apache-maven-3.5.2\repository\org\apache\solr\solr-solrj\4.10.3\solr-solrj-4.10.3.jar;E:\tool\apache-maven-3.5.2\repository\org\apache\httpcomponents\httpmime\4.3.1\httpmime-4.3.1.jar;E:\tool\apache-maven-3.5.2\repository\org\codehaus\woodstox\wstx-asl\3.2.7\wstx-asl-3.2.7.jar;E:\tool\apache-maven-3.5.2\repository\org\noggit\noggit\0.5\noggit-0.5.jar;E:\tool\apache-maven-3.5.2\repository\com\alibaba\dubbo\2.5.3\dubbo-2.5.3.jar;E:\tool\apache-maven-3.5.2\repository\org\springframework\spring\2.5.6.SEC03\spring-2.5.6.SEC03.jar;E:\tool\apache-maven-3.5.2\repository\org\javassist\javassist\3.15.0-GA\javassist-3.15.0-GA.jar;E:\tool\apache-maven-3.5.2\repository\org\jboss\netty\netty\3.2.5.Final\netty-3.2.5.Final.jar;E:\tool\apache-maven-3.5.2\repository\org\apache\zookeeper\zookeeper\3.4.6\zookeeper-3.4.6.jar;E:\tool\apache-maven-3.5.2\repository\jline\jline\0.9.94\jline-0.9.94.jar;E:\tool\apache-maven-3.5.2\repository\io\netty\netty\3.7.0.Final\netty-3.7.0.Final.jar;E:\tool\apache-maven-3.5.2\repository\org\apache\activemq\activemq-all\5.13.2\activemq-all-5.13.2.jar;E:\tool\apache-maven-3.5.2\repository\org\freemarker\freemarker\2.3.23\freemarker-2.3.23.jar;E:\tool\apache-maven-3.5.2\repository\com\101tec\zkclient\0.8\zkclient-0.8.jar;"/>
    <property name="java.vm.vendor" value="Oracle Corporation"/>
    <property name="sun.arch.data.model" value="64"/>
    <property name="user.variant" value=""/>
    <property name="java.vendor.url" value="http://java.oracle.com/"/>
    <property name="user.timezone" value=""/>
    <property name="java.vm.specification.version" value="1.8"/>
    <property name="os.name" value="Windows 10"/>
    <property name="user.country" value="CN"/>
    <property name="sun.java.launcher" value="SUN_STANDARD"/>
    <property name="sun.boot.library.path" value="C:\Program Files\Java\jdk1.8.0_152\jre\bin"/>
    <property name="sun.java.command" value="C:\Users\baiye\AppData\Local\Temp\surefire8453771385796044138\surefirebooter155721755963067364.jar C:\Users\baiye\AppData\Local\Temp\surefire8453771385796044138 2018-04-11T09-48-51_805-jvmRun1 surefire4948815405757180908tmp surefire_12626508523534001061tmp"/>
    <property name="surefire.test.class.path" value="E:\taotaoproduct\taotao-managers\taotao-managers-service\target\test-classes;E:\taotaoproduct\taotao-managers\taotao-managers-service\target\classes;E:\tool\apache-maven-3.5.2\repository\junit\junit\4.11\junit-4.11.jar;E:\tool\apache-maven-3.5.2\repository\org\hamcrest\hamcrest-core\1.3\hamcrest-core-1.3.jar;E:\tool\apache-maven-3.5.2\repository\com\taotao\taotao-common\0.0.1-SNAPSHOT\taotao-common-0.0.1-SNAPSHOT.jar;E:\tool\apache-maven-3.5.2\repository\joda-time\joda-time\2.5\joda-time-2.5.jar;E:\tool\apache-maven-3.5.2\repository\org\apache\commons\commons-lang3\3.3.2\commons-lang3-3.3.2.jar;E:\tool\apache-maven-3.5.2\repository\commons-io\commons-io\1.3.2\commons-io-1.3.2.jar;E:\tool\apache-maven-3.5.2\repository\commons-net\commons-net\3.3\commons-net-3.3.jar;E:\tool\apache-maven-3.5.2\repository\com\fasterxml\jackson\core\jackson-databind\2.4.2\jackson-databind-2.4.2.jar;E:\tool\apache-maven-3.5.2\repository\com\fasterxml\jackson\core\jackson-annotations\2.4.0\jackson-annotations-2.4.0.jar;E:\tool\apache-maven-3.5.2\repository\com\fasterxml\jackson\core\jackson-core\2.4.2\jackson-core-2.4.2.jar;E:\tool\apache-maven-3.5.2\repository\org\apache\httpcomponents\httpclient\4.3.5\httpclient-4.3.5.jar;E:\tool\apache-maven-3.5.2\repository\org\apache\httpcomponents\httpcore\4.3.2\httpcore-4.3.2.jar;E:\tool\apache-maven-3.5.2\repository\commons-logging\commons-logging\1.1.3\commons-logging-1.1.3.jar;E:\tool\apache-maven-3.5.2\repository\commons-codec\commons-codec\1.6\commons-codec-1.6.jar;E:\tool\apache-maven-3.5.2\repository\org\quartz-scheduler\quartz\2.2.2\quartz-2.2.2.jar;E:\tool\apache-maven-3.5.2\repository\c3p0\c3p0\0.9.1.1\c3p0-0.9.1.1.jar;E:\tool\apache-maven-3.5.2\repository\org\slf4j\slf4j-api\1.7.7\slf4j-api-1.7.7.jar;E:\tool\apache-maven-3.5.2\repository\org\slf4j\slf4j-log4j12\1.6.4\slf4j-log4j12-1.6.4.jar;E:\tool\apache-maven-3.5.2\repository\log4j\log4j\1.2.16\log4j-1.2.16.jar;E:\tool\apache-maven-3.5.2\repository\org\mybatis\mybatis\3.2.8\mybatis-3.2.8.jar;E:\tool\apache-maven-3.5.2\repository\org\mybatis\mybatis-spring\1.2.2\mybatis-spring-1.2.2.jar;E:\tool\apache-maven-3.5.2\repository\com\github\miemiedev\mybatis-paginator\1.2.15\mybatis-paginator-1.2.15.jar;E:\tool\apache-maven-3.5.2\repository\com\github\pagehelper\pagehelper\3.4.2-fix\pagehelper-3.4.2-fix.jar;E:\tool\apache-maven-3.5.2\repository\com\github\jsqlparser\jsqlparser\0.9\jsqlparser-0.9.jar;E:\tool\apache-maven-3.5.2\repository\mysql\mysql-connector-java\5.1.32\mysql-connector-java-5.1.32.jar;E:\tool\apache-maven-3.5.2\repository\com\alibaba\druid\1.0.9\druid-1.0.9.jar;C:\Program Files\Java\jdk1.8.0_152\jre\..\lib\jconsole.jar;C:\Program Files\Java\jdk1.8.0_152\jre\..\lib\tools.jar;E:\tool\apache-maven-3.5.2\repository\org\springframework\spring-context\4.3.5.RELEASE\spring-context-4.3.5.RELEASE.jar;E:\tool\apache-maven-3.5.2\repository\org\springframework\spring-aop\4.3.5.RELEASE\spring-aop-4.3.5.RELEASE.jar;E:\tool\apache-maven-3.5.2\repository\org\springframework\spring-core\4.3.5.RELEASE\spring-core-4.3.5.RELEASE.jar;E:\tool\apache-maven-3.5.2\repository\org\springframework\spring-expression\4.3.5.RELEASE\spring-expression-4.3.5.RELEASE.jar;E:\tool\apache-maven-3.5.2\repository\org\springframework\spring-beans\4.3.5.RELEASE\spring-beans-4.3.5.RELEASE.jar;E:\tool\apache-maven-3.5.2\repository\org\springframework\spring-webmvc\4.3.5.RELEASE\spring-webmvc-4.3.5.RELEASE.jar;E:\tool\apache-maven-3.5.2\repository\org\springframework\spring-web\4.3.5.RELEASE\spring-web-4.3.5.RELEASE.jar;E:\tool\apache-maven-3.5.2\repository\org\springframework\spring-jdbc\4.3.5.RELEASE\spring-jdbc-4.3.5.RELEASE.jar;E:\tool\apache-maven-3.5.2\repository\org\springframework\spring-tx\4.3.5.RELEASE\spring-tx-4.3.5.RELEASE.jar;E:\tool\apache-maven-3.5.2\repository\org\springframework\spring-aspects\4.3.8.RELEASE\spring-aspects-4.3.8.RELEASE.jar;E:\tool\apache-maven-3.5.2\repository\org\aspectj\aspectjweaver\1.8.9\aspectjweaver-1.8.9.jar;E:\tool\apache-maven-3.5.2\repository\org\springframework\spring-jms\4.1.4.RELEASE\spring-jms-4.1.4.RELEASE.jar;E:\tool\apache-maven-3.5.2\repository\org\springframework\spring-messaging\4.1.4.RELEASE\spring-messaging-4.1.4.RELEASE.jar;E:\tool\apache-maven-3.5.2\repository\org\springframework\spring-context-support\4.3.5.RELEASE\spring-context-support-4.3.5.RELEASE.jar;E:\tool\apache-maven-3.5.2\repository\jstl\jstl\1.2\jstl-1.2.jar;E:\tool\apache-maven-3.5.2\repository\javax\servlet\servlet-api\2.5\servlet-api-2.5.jar;E:\tool\apache-maven-3.5.2\repository\javax\servlet\jsp-api\2.0\jsp-api-2.0.jar;E:\tool\apache-maven-3.5.2\repository\commons-fileupload\commons-fileupload\1.3.1\commons-fileupload-1.3.1.jar;E:\tool\apache-maven-3.5.2\repository\redis\clients\jedis\2.7.2\jedis-2.7.2.jar;E:\tool\apache-maven-3.5.2\repository\org\apache\commons\commons-pool2\2.3\commons-pool2-2.3.jar;E:\tool\apache-maven-3.5.2\repository\org\apache\solr\solr-solrj\4.10.3\solr-solrj-4.10.3.jar;E:\tool\apache-maven-3.5.2\repository\org\apache\httpcomponents\httpmime\4.3.1\httpmime-4.3.1.jar;E:\tool\apache-maven-3.5.2\repository\org\codehaus\woodstox\wstx-asl\3.2.7\wstx-asl-3.2.7.jar;E:\tool\apache-maven-3.5.2\repository\org\noggit\noggit\0.5\noggit-0.5.jar;E:\tool\apache-maven-3.5.2\repository\com\alibaba\dubbo\2.5.3\dubbo-2.5.3.jar;E:\tool\apache-maven-3.5.2\repository\org\springframework\spring\2.5.6.SEC03\spring-2.5.6.SEC03.jar;E:\tool\apache-maven-3.5.2\repository\org\javassist\javassist\3.15.0-GA\javassist-3.15.0-GA.jar;E:\tool\apache-maven-3.5.2\repository\org\jboss\netty\netty\3.2.5.Final\netty-3.2.5.Final.jar;E:\tool\apache-maven-3.5.2\repository\org\apache\zookeeper\zookeeper\3.4.6\zookeeper-3.4.6.jar;E:\tool\apache-maven-3.5.2\repository\jline\jline\0.9.94\jline-0.9.94.jar;E:\tool\apache-maven-3.5.2\repository\io\netty\netty\3.7.0.Final\netty-3.7.0.Final.jar;E:\tool\apache-maven-3.5.2\repository\org\apache\activemq\activemq-all\5.13.2\activemq-all-5.13.2.jar;E:\tool\apache-maven-3.5.2\repository\org\freemarker\freemarker\2.3.23\freemarker-2.3.23.jar;E:\tool\apache-maven-3.5.2\repository\com\101tec\zkclient\0.8\zkclient-0.8.jar;"/>
    <property name="sun.cpu.endian" value="little"/>
    <property name="user.home" value="C:\Users\baiye"/>
    <property name="user.language" value="zh"/>
    <property name="java.specification.vendor" value="Oracle Corporation"/>
    <property name="java.home" value="C:\Program Files\Java\jdk1.8.0_152\jre"/>
    <property name="basedir" value="E:\taotaoproduct\taotao-managers\taotao-managers-service"/>
    <property name="file.separator" value="\"/>
    <property name="line.separator" value="&#10;"/>
    <property name="java.vm.specification.vendor" value="Oracle Corporation"/>
    <property name="java.specification.name" value="Java Platform API Specification"/>
    <property name="java.awt.graphicsenv" value="sun.awt.Win32GraphicsEnvironment"/>
    <property name="surefire.real.class.path" value="C:\Users\baiye\AppData\Local\Temp\surefire8453771385796044138\surefirebooter155721755963067364.jar"/>
    <property name="sun.boot.class.path" value="C:\Program Files\Java\jdk1.8.0_152\jre\lib\resources.jar;C:\Program Files\Java\jdk1.8.0_152\jre\lib\rt.jar;C:\Program Files\Java\jdk1.8.0_152\jre\lib\sunrsasign.jar;C:\Program Files\Java\jdk1.8.0_152\jre\lib\jsse.jar;C:\Program Files\Java\jdk1.8.0_152\jre\lib\jce.jar;C:\Program Files\Java\jdk1.8.0_152\jre\lib\charsets.jar;C:\Program Files\Java\jdk1.8.0_152\jre\lib\jfr.jar;C:\Program Files\Java\jdk1.8.0_152\jre\classes"/>
    <property name="user.script" value=""/>
    <property name="sun.management.compiler" value="HotSpot 64-Bit Tiered Compilers"/>
    <property name="java.runtime.version" value="1.8.0_152-b16"/>
    <property name="user.name" value="baiye"/>
    <property name="path.separator" value=";"/>
    <property name="os.version" value="10.0"/>
    <property name="java.endorsed.dirs" value="C:\Program Files\Java\jdk1.8.0_152\jre\lib\endorsed"/>
    <property name="java.runtime.name" value="Java(TM) SE Runtime Environment"/>
    <property name="file.encoding" value="GBK"/>
    <property name="java.vm.name" value="Java HotSpot(TM) 64-Bit Server VM"/>
    <property name="localRepository" value="E:\tool\apache-maven-3.5.2\repository"/>
    <property name="java.vendor.url.bug" value="http://bugreport.sun.com/bugreport/"/>
    <property name="java.io.tmpdir" value="C:\Users\baiye\AppData\Local\Temp\"/>
    <property name="idea.version" value="2017.1.4"/>
    <property name="java.version" value="1.8.0_152"/>
    <property name="user.dir" value="E:\taotaoproduct\taotao-managers\taotao-managers-service"/>
    <property name="os.arch" value="amd64"/>
    <property name="java.vm.specification.name" value="Java Virtual Machine Specification"/>
    <property name="java.awt.printerjob" value="sun.awt.windows.WPrinterJob"/>
    <property name="sun.os.patch.level" value=""/>
    <property name="java.library.path" value="C:\Program Files\Java\jdk1.8.0_152\jre\bin;C:\WINDOWS\Sun\Java\bin;C:\WINDOWS\system32;C:\WINDOWS;C:\deverloper\product\11.2.0\dbhome_1\bin;C:\ProgramData\Oracle\Java\javapath;C:\Program Files (x86)\Intel\iCLS Client\;C:\Program Files\Intel\iCLS Client\;C:\Windows\system32;C:\Windows;C:\Windows\System32\Wbem;C:\Windows\System32\WindowsPowerShell\v1.0\;C:\Program Files (x86)\Intel\Intel(R) Management Engine Components\DAL;C:\Program Files\Intel\Intel(R) Management Engine Components\DAL;C:\Program Files (x86)\Intel\Intel(R) Management Engine Components\IPT;C:\Program Files\Intel\Intel(R) Management Engine Components\IPT;C:\Program Files (x86)\NVIDIA Corporation\PhysX\Common;C:\Program Files\Java\jdk1.8.0_152\bin;C:\Program Files\Intel\WiFi\bin\;C:\Program Files\Common Files\Intel\WirelessCommon\;C:\WINDOWS\system32;C:\WINDOWS;C:\WINDOWS\System32\Wbem;C:\WINDOWS\System32\WindowsPowerShell\v1.0\;C:\Program Files\MySQL\MySQL Utilities 1.6\;C:\Program Files\VisualSVN Server\bin;C:\Program Files\TortoiseSVN\bin;E:\tool\apache-maven-3.5.2\bin;C:\Program Files\nodejs\;E:\工具\webservice_cxf\doc\apache-cxf-3.1.8\bin;;;C:\Program Files\Git\cmd;C:\Users\baiye\AppData\Local\Microsoft\WindowsApps;C:\Users\baiye\AppData\Local\GitHubDesktop\bin;."/>
    <property name="java.vm.info" value="mixed mode"/>
    <property name="java.vendor" value="Oracle Corporation"/>
    <property name="java.vm.version" value="25.152-b16"/>
    <property name="java.ext.dirs" value="C:\Program Files\Java\jdk1.8.0_152\jre\lib\ext;C:\WINDOWS\Sun\Java\lib\ext"/>
    <property name="sun.io.unicode.encoding" value="UnicodeLittle"/>
    <property name="maven.repo.local" value="E:\tool\apache-maven-3.5.2\repository"/>
    <property name="java.class.version" value="52.0"/>
  </properties>
  <testcase name="shouldAnswerWithTrue" classname="com.taotao.AppTest" time="0.002"/>
</testsuite>